<?xml version="1.0" encoding="UTF-8"?>
<!-- Generated by org.testng.reporters.JUnitXMLReporter -->
<testsuite hostname="Mypc" name="Test2" tests="1" failures="0" timestamp="22 Jun 2017 02:00:22 GMT" time="30.397" errors="0">
  <testcase name="@BeforeTest org_Launch" time="0.0" classname="testNG.Userreg">
    <failure type="java.lang.AssertionError" message="Launch Failed expected [Sandeep P] but found [LOGIN]">
      <![CDATA[java.lang.AssertionError: Launch Failed expected [Sandeep P] but found [LOGIN]
	at testNG.TestNGMaster.org_Launch(TestNGMaster.java:35)
	at java.util.concurrent.FutureTask.run(Unknown Source)
	at java.util.concurrent.ThreadPoolExecutor.runWorker(Unknown Source)
	at java.util.concurrent.ThreadPoolExecutor$Worker.run(Unknown Source)
	at java.lang.Thread.run(Unknown Source)
... Removed 18 stack frames]]>
    </failure>
  </testcase> <!-- @BeforeTest org_Launch -->
  <testcase name="@BeforeClass org_Login" time="0.0" classname="testNG.Userreg">
    <skipped/>
  </testcase> <!-- @BeforeClass org_Login -->
  <testcase name="@AfterClass org_Logout" time="0.0" classname="testNG.Userreg">
    <skipped/>
  </testcase> <!-- @AfterClass org_Logout -->
  <testcase name="@AfterTest og_Close" time="0.0" classname="testNG.Userreg">
    <skipped/>
  </testcase> <!-- @AfterTest og_Close -->
  <testcase name="org_Userreg" time="0.004" classname="testNG.Userreg">
    <skipped/>
  </testcase> <!-- org_Userreg -->
</testsuite> <!-- Test2 -->
